#
# There is insufficient memory for the Java Runtime Environment to continue.
# Native memory allocation (mmap) failed to map 186646528 bytes for Failed to commit area from 0x000000008c800000 to 0x0000000097a00000 of length 186646528.
# Possible reasons:
#   The system is out of physical RAM or swap space
#   The process is running with CompressedOops enabled, and the Java Heap may be blocking the growth of the native heap
# Possible solutions:
#   Reduce memory load on the system
#   Increase physical memory or swap space
#   Check if swap backing store is full
#   Decrease Java heap size (-Xmx/-Xms)
#   Decrease number of Java threads
#   Decrease Java thread stack sizes (-Xss)
#   Set larger code cache with -XX:ReservedCodeCacheSize=
#   JVM is running with Unscaled Compressed Oops mode in which the Java heap is
#     placed in the first 4GB address space. The Java Heap base address is the
#     maximum limit for the native heap growth. Please use -XX:HeapBaseMinAddress
#     to set the Java Heap base and to place the Java Heap above 4GB virtual address.
# This output file may be truncated or incomplete.
#
#  Out of Memory Error (./src/hotspot/os/windows/os_windows.cpp:3301), pid=4708, tid=21752
#
# JRE version: OpenJDK Runtime Environment (11.0.10) (build 11.0.10+0-b96-7249189)
# Java VM: OpenJDK 64-Bit Server VM (11.0.10+0-b96-7249189, mixed mode, tiered, compressed oops, g1 gc, windows-amd64)
# No core dump will be written. Minidumps are not enabled by default on client versions of Windows
#

---------------  S U M M A R Y ------------

Command Line: --add-opens=java.base/java.util=ALL-UNNAMED --add-opens=java.base/java.lang=ALL-UNNAMED --add-opens=java.base/java.lang.invoke=ALL-UNNAMED --add-opens=java.base/java.util=ALL-UNNAMED --add-opens=java.prefs/java.util.prefs=ALL-UNNAMED --add-opens=java.prefs/java.util.prefs=ALL-UNNAMED --add-opens=java.base/java.nio.charset=ALL-UNNAMED --add-opens=java.base/java.net=ALL-UNNAMED --add-opens=java.base/java.util.concurrent.atomic=ALL-UNNAMED -Xmx2048m -Dfile.encoding=UTF-8 -Duser.country=BR -Duser.language=pt -Duser.variant org.gradle.launcher.daemon.bootstrap.GradleDaemon 7.0.2

Host: Intel(R) Core(TM) i3-7020U CPU @ 2.30GHz, 4 cores, 3G,  Windows 10 , 64 bit Build 19041 (10.0.19041.1645)
Time: Sat Apr 23 10:50:12 2022 Hora Padrão de Caracas elapsed time: 60.266958 seconds (0d 0h 1m 0s)

---------------  T H R E A D  ---------------

Current thread (0x000002397fbe6800):  VMThread "VM Thread" [stack: 0x000000dadf100000,0x000000dadf200000] [id=21752]

Stack: [0x000000dadf100000,0x000000dadf200000]
[error occurred during error reporting (printing stack bounds), id 0xc0000005, EXCEPTION_ACCESS_VIOLATION (0xc0000005) at pc=0x000002396d3b0f2d]

Native frames: (J=compiled Java code, j=interpreted, Vv=VM code, C=native code)
V  [jvm.dll+0x5ecfaa]
V  [jvm.dll+0x722bd5]
V  [jvm.dll+0x72412d]
V  [jvm.dll+0x724745]
V  [jvm.dll+0x7246fb]
V  [jvm.dll+0x5ec348]
V  [jvm.dll+0x5ecad8]
C  [ntdll.dll+0xa20cf]
C  [ntdll.dll+0x51454]
C  [ntdll.dll+0xa0bfe]
C  0x000002396d3b0f2d

VM_Operation (0x000000dae1af91d0): G1CollectForAllocation, mode: safepoint, requested by thread 0x0000023908f40800


---------------  P R O C E S S  ---------------

Threads class SMR info:
_java_thread_list=0x000002390cbb0c20, length=50, elements={
0x000002396989c000, 0x000002397fbec800, 0x000002397fbf6000, 0x000002397fc47000,
0x000002397fc4a000, 0x000002397fc4c000, 0x000002397fc51000, 0x000002397fc5d800,
0x000002397fc61000, 0x0000023904955800, 0x00000239063c5000, 0x0000023906283800,
0x0000023905a46800, 0x0000023905f8d800, 0x0000023905cff800, 0x0000023905e9e800,
0x0000023904c3f800, 0x0000023904ff3000, 0x00000239056d7800, 0x0000023905330800,
0x000002390532f000, 0x0000023905335800, 0x0000023905332000, 0x0000023905334000,
0x0000023905333000, 0x0000023905330000, 0x0000023905331800, 0x0000023905334800,
0x0000023908f3a000, 0x0000023908f35800, 0x0000023908f39800, 0x0000023908f37800,
0x0000023908f3b000, 0x0000023908f3c800, 0x0000023908f37000, 0x0000023908f38800,
0x0000023908f43000, 0x0000023908f40800, 0x0000023908f41800, 0x0000023908f40000,
0x0000023908f42800, 0x0000023908f3d800, 0x0000023908f44000, 0x0000023908f3e800,
0x0000023908f3f000, 0x000002390c824800, 0x000002390c822000, 0x000002390c825000,
0x000002390c826000, 0x000002390c823800
}

Java Threads: ( => current thread )
  0x000002396989c000 JavaThread "main" [_thread_blocked, id=22520, stack(0x000000dadeb00000,0x000000dadec00000)]
  0x000002397fbec800 JavaThread "Reference Handler" daemon [_thread_blocked, id=5996, stack(0x000000dadf200000,0x000000dadf300000)]
  0x000002397fbf6000 JavaThread "Finalizer" daemon [_thread_blocked, id=19904, stack(0x000000dadf300000,0x000000dadf400000)]
  0x000002397fc47000 JavaThread "Signal Dispatcher" daemon [_thread_blocked, id=2084, stack(0x000000dadf400000,0x000000dadf500000)]
  0x000002397fc4a000 JavaThread "Attach Listener" daemon [_thread_blocked, id=21872, stack(0x000000dadf500000,0x000000dadf600000)]
  0x000002397fc4c000 JavaThread "Service Thread" daemon [_thread_blocked, id=15832, stack(0x000000dadf600000,0x000000dadf700000)]
  0x000002397fc51000 JavaThread "C2 CompilerThread0" daemon [_thread_blocked, id=10400, stack(0x000000dadf700000,0x000000dadf800000)]
  0x000002397fc5d800 JavaThread "C1 CompilerThread0" daemon [_thread_blocked, id=12668, stack(0x000000dadf800000,0x000000dadf900000)]
  0x000002397fc61000 JavaThread "Sweeper thread" daemon [_thread_blocked, id=18776, stack(0x000000dadf900000,0x000000dadfa00000)]
  0x0000023904955800 JavaThread "Common-Cleaner" daemon [_thread_blocked, id=2692, stack(0x000000dadfa00000,0x000000dadfb00000)]
  0x00000239063c5000 JavaThread "Daemon health stats" [_thread_blocked, id=19312, stack(0x000000dadfd00000,0x000000dadfe00000)]
  0x0000023906283800 JavaThread "Incoming local TCP Connector on port 57928" [_thread_in_native, id=6672, stack(0x000000dae0000000,0x000000dae0100000)]
  0x0000023905a46800 JavaThread "Daemon periodic checks" [_thread_blocked, id=22800, stack(0x000000dae0100000,0x000000dae0200000)]
  0x0000023905f8d800 JavaThread "Daemon" [_thread_blocked, id=14848, stack(0x000000dae0200000,0x000000dae0300000)]
  0x0000023905cff800 JavaThread "Handler for socket connection from /127.0.0.1:57928 to /127.0.0.1:57929" [_thread_in_native, id=15028, stack(0x000000dae0300000,0x000000dae0400000)]
  0x0000023905e9e800 JavaThread "Cancel handler" [_thread_blocked, id=20688, stack(0x000000dae0400000,0x000000dae0500000)]
  0x0000023904c3f800 JavaThread "Daemon worker" [_thread_blocked, id=18404, stack(0x000000dae0500000,0x000000dae0600000)]
  0x0000023904ff3000 JavaThread "Asynchronous log dispatcher for DefaultDaemonConnection: socket connection from /127.0.0.1:57928 to /127.0.0.1:57929" [_thread_blocked, id=18860, stack(0x000000dae0600000,0x000000dae0700000)]
  0x00000239056d7800 JavaThread "Stdin handler" [_thread_blocked, id=20420, stack(0x000000dae0700000,0x000000dae0800000)]
  0x0000023905330800 JavaThread "Daemon client event forwarder" [_thread_blocked, id=2360, stack(0x000000dae0800000,0x000000dae0900000)]
  0x000002390532f000 JavaThread "Cache worker for file hash cache (C:\Users\User\.gradle\caches\7.0.2\fileHashes)" [_thread_blocked, id=17004, stack(0x000000dae0900000,0x000000dae0a00000)]
  0x0000023905335800 JavaThread "File lock request listener" [_thread_in_native, id=12276, stack(0x000000dae0a00000,0x000000dae0b00000)]
  0x0000023905332000 JavaThread "Cache worker for journal cache (C:\Users\User\.gradle\caches\journal-1)" [_thread_blocked, id=1584, stack(0x000000dae0b00000,0x000000dae0c00000)]
  0x0000023905334000 JavaThread "Cache worker for file hash cache (C:\Users\User\AndroidStudioProjects\ParouImpar\.gradle\7.0.2\fileHashes)" [_thread_blocked, id=13468, stack(0x000000dae0c00000,0x000000dae0d00000)]
  0x0000023905333000 JavaThread "File watcher server" daemon [_thread_blocked, id=8624, stack(0x000000dae0d00000,0x000000dae0e00000)]
  0x0000023905330000 JavaThread "File watcher consumer" daemon [_thread_blocked, id=15820, stack(0x000000dae0e00000,0x000000dae0f00000)]
  0x0000023905331800 JavaThread "Cache worker for checksums cache (C:\Users\User\AndroidStudioProjects\ParouImpar\.gradle\checksums)" [_thread_blocked, id=15364, stack(0x000000dae0f00000,0x000000dae1000000)]
  0x0000023905334800 JavaThread "Cache worker for cache directory md-supplier (C:\Users\User\.gradle\caches\7.0.2\md-supplier)" [_thread_blocked, id=10328, stack(0x000000dae1000000,0x000000dae1100000)]
  0x0000023908f3a000 JavaThread "Cache worker for cache directory md-rule (C:\Users\User\.gradle\caches\7.0.2\md-rule)" [_thread_blocked, id=21756, stack(0x000000dae1100000,0x000000dae1200000)]
  0x0000023908f35800 JavaThread "Cache worker for execution history cache (C:\Users\User\.gradle\caches\7.0.2\executionHistory)" [_thread_blocked, id=2396, stack(0x000000dae1200000,0x000000dae1300000)]
  0x0000023908f39800 JavaThread "jar transforms" [_thread_blocked, id=13760, stack(0x000000dae1300000,0x000000dae1400000)]
  0x0000023908f37800 JavaThread "jar transforms Thread 2" [_thread_blocked, id=21264, stack(0x000000dae1400000,0x000000dae1500000)]
  0x0000023908f3b000 JavaThread "Cache worker for file content cache (C:\Users\User\.gradle\caches\7.0.2\fileContent)" [_thread_blocked, id=816, stack(0x000000dae1500000,0x000000dae1600000)]
  0x0000023908f3c800 JavaThread "Cache worker for dependencies-accessors (C:\Users\User\AndroidStudioProjects\ParouImpar\.gradle\7.0.2\dependencies-accessors)" [_thread_blocked, id=18268, stack(0x000000dae1600000,0x000000dae1700000)]
  0x0000023908f37000 JavaThread "jar transforms Thread 3" [_thread_blocked, id=4100, stack(0x000000dae1700000,0x000000dae1800000)]
  0x0000023908f38800 JavaThread "Cache worker for Build Output Cleanup Cache (C:\Users\User\AndroidStudioProjects\ParouImpar\.gradle\buildOutputCleanup)" [_thread_blocked, id=6088, stack(0x000000dae1800000,0x000000dae1900000)]
  0x0000023908f43000 JavaThread "Build operations" [_thread_blocked, id=17704, stack(0x000000dae1900000,0x000000dae1a00000)]
  0x0000023908f40800 JavaThread "Build operations Thread 2" [_thread_blocked, id=19640, stack(0x000000dae1a00000,0x000000dae1b00000)]
  0x0000023908f41800 JavaThread "Build operations Thread 3" [_thread_blocked, id=17908, stack(0x000000dae1b00000,0x000000dae1c00000)]
  0x0000023908f40000 JavaThread "Build operations Thread 4" [_thread_blocked, id=19380, stack(0x000000dae1c00000,0x000000dae1d00000)]
  0x0000023908f42800 JavaThread "jar transforms Thread 4" [_thread_blocked, id=19992, stack(0x000000dae1d00000,0x000000dae1e00000)]
  0x0000023908f3d800 JavaThread "Memory manager" [_thread_blocked, id=13900, stack(0x000000dae1e00000,0x000000dae1f00000)]
  0x0000023908f44000 JavaThread "build event listener" [_thread_blocked, id=7856, stack(0x000000dae2100000,0x000000dae2200000)]
  0x0000023908f3e800 JavaThread "pool-3-thread-1" [_thread_blocked, id=9256, stack(0x000000dae2200000,0x000000dae2300000)]
  0x0000023908f3f000 JavaThread "build event listener" [_thread_blocked, id=18880, stack(0x000000dae2300000,0x000000dae2400000)]
  0x000002390c824800 JavaThread "Execution worker for ':'" [_thread_blocked, id=12328, stack(0x000000dae2400000,0x000000dae2500000)]
  0x000002390c822000 JavaThread "Execution worker for ':' Thread 2" [_thread_blocked, id=17392, stack(0x000000dae2500000,0x000000dae2600000)]
  0x000002390c825000 JavaThread "Execution worker for ':' Thread 3" [_thread_blocked, id=20456, stack(0x000000dae2600000,0x000000dae2700000)]
  0x000002390c826000 JavaThread "Cache worker for execution history cache (C:\Users\User\AndroidStudioProjects\ParouImpar\.gradle\7.0.2\executionHistory)" [_thread_blocked, id=21060, stack(0x000000dae2700000,0x000000dae2800000)]
  0x000002390c823800 JavaThread "WorkerExecutor Queue" [_thread_blocked, id=22672, stack(0x000000dae2800000,0x000000dae2900000)]

Other Threads:
=>0x000002397fbe6800 VMThread "VM Thread" [stack: 0x000000dadf100000,0x000000dadf200000] [id=21752]
  0x0000023904967000 WatcherThread [stack: 0x000000dadfb00000,0x000000dadfc00000] [id=13384]
  0x00000239698b5800 GCTaskThread "GC Thread#0" [stack: 0x000000dadec00000,0x000000daded00000] [id=9316]
  0x00000239051dd800 GCTaskThread "GC Thread#1" [stack: 0x000000dadfc00000,0x000000dadfd00000] [id=13604]
  0x0000023904ae8000 GCTaskThread "GC Thread#2" [stack: 0x000000dadfe00000,0x000000dadff00000] [id=11248]
  0x000002390591b000 GCTaskThread "GC Thread#3" [stack: 0x000000dadff00000,0x000000dae0000000] [id=728]
  0x00000239698e5800 ConcurrentGCThread "G1 Main Marker" [stack: 0x000000daded00000,0x000000dadee00000] [id=4636]
  0x00000239698e7800 ConcurrentGCThread "G1 Conc#0" [stack: 0x000000dadee00000,0x000000dadef00000] [id=792]
  0x0000023969940800 ConcurrentGCThread "G1 Refine#0" [stack: 0x000000dadef00000,0x000000dadf000000] [id=22980]
  0x0000023969941800 ConcurrentGCThread "G1 Young RemSet Sampling" [stack: 0x000000dadf000000,0x000000dadf100000] [id=17200]

Threads with active compile tasks:
C2 CompilerThread0  60783 11480       4       com.android.tools.r8.internal.U6::a (98 bytes)
C1 CompilerThread0  60784 11895       2       com.android.tools.r8.ir.regalloc.a::a (106 bytes)

VM state:at safepoint (normal execution)

VM Mutex/Monitor currently owned by a thread:  ([mutex/lock_event])
[0x0000023969896e90] Threads_lock - owner thread: 0x000002397fbe6800
[0x0000023969898750] Heap_lock - owner thread: 0x0000023908f40800

Heap address: 0x0000000080000000, size: 2048 MB, Compressed Oops mode: 32-bit
Narrow klass base: 0x0000000000000000, Narrow klass shift: 3
Compressed class space size: 1073741824 Address: 0x0000000100000000

Heap:
 garbage-first heap   total 387072K, used 132659K [0x0000000080000000, 0x0000000100000000)
  region size 1024K, 3 young (3072K), 3 survivors (3072K)
 Metaspace       used 96640K, capacity 99211K, committed 99404K, reserved 1134592K
  class space    used 12644K, capacity 13630K, committed 13644K, reserved 1048576K
Heap Regions: E=young(eden), S=young(survivor), O=old, HS=humongous(starts), HC=humongous(continues), CS=collection set, F=free, A=archive, TAMS=top-at-mark-start (previous, next)
|   0|0x0000000080000000, 0x0000000080100000, 0x0000000080100000|100%| O|  |TAMS 0x0000000080100000, 0x0000000080000000| Untracked 
|   1|0x0000000080100000, 0x0000000080200000, 0x0000000080200000|100%| O|  |TAMS 0x0000000080200000, 0x0000000080100000| Untracked 
|   2|0x0000000080200000, 0x0000000080300000, 0x0000000080300000|100%| O|  |TAMS 0x0000000080300000, 0x0000000080200000| Untracked 
|   3|0x0000000080300000, 0x0000000080400000, 0x0000000080400000|100%|HS|  |TAMS 0x0000000080400000, 0x0000000080300000| Complete 
|   4|0x0000000080400000, 0x0000000080500000, 0x0000000080500000|100%|HC|  |TAMS 0x0000000080500000, 0x0000000080400000| Complete 
|   5|0x0000000080500000, 0x0000000080600000, 0x0000000080600000|100%|HC|  |TAMS 0x0000000080600000, 0x0000000080500000| Complete 
|   6|0x0000000080600000, 0x0000000080700000, 0x0000000080700000|100%| O|  |TAMS 0x0000000080700000, 0x0000000080600000| Untracked 
|   7|0x0000000080700000, 0x0000000080800000, 0x0000000080800000|100%| O|  |TAMS 0x0000000080800000, 0x0000000080700000| Untracked 
|   8|0x0000000080800000, 0x0000000080900000, 0x0000000080900000|100%| O|  |TAMS 0x0000000080900000, 0x0000000080800000| Untracked 
|   9|0x0000000080900000, 0x0000000080a00000, 0x0000000080a00000|100%| O|  |TAMS 0x0000000080a00000, 0x0000000080900000| Untracked 
|  10|0x0000000080a00000, 0x0000000080b00000, 0x0000000080b00000|100%| O|  |TAMS 0x0000000080b00000, 0x0000000080a00000| Untracked 
|  11|0x0000000080b00000, 0x0000000080c00000, 0x0000000080c00000|100%| O|  |TAMS 0x0000000080c00000, 0x0000000080b00000| Untracked 
|  12|0x0000000080c00000, 0x0000000080d00000, 0x0000000080d00000|100%| O|  |TAMS 0x0000000080d00000, 0x0000000080c00000| Untracked 
|  13|0x0000000080d00000, 0x0000000080e00000, 0x0000000080e00000|100%| O|  |TAMS 0x0000000080e00000, 0x0000000080d00000| Untracked 
|  14|0x0000000080e00000, 0x0000000080f00000, 0x0000000080f00000|100%| O|  |TAMS 0x0000000080f00000, 0x0000000080e00000| Untracked 
|  15|0x0000000080f00000, 0x0000000081000000, 0x0000000081000000|100%| O|  |TAMS 0x0000000081000000, 0x0000000080f00000| Untracked 
|  16|0x0000000081000000, 0x0000000081100000, 0x0000000081100000|100%| O|  |TAMS 0x0000000081100000, 0x0000000081000000| Untracked 
|  17|0x0000000081100000, 0x0000000081200000, 0x0000000081200000|100%| O|  |TAMS 0x0000000081200000, 0x0000000081100000| Untracked 
|  18|0x0000000081200000, 0x0000000081300000, 0x0000000081300000|100%| O|  |TAMS 0x0000000081300000, 0x0000000081200000| Untracked 
|  19|0x0000000081300000, 0x0000000081400000, 0x0000000081400000|100%| O|  |TAMS 0x0000000081400000, 0x0000000081300000| Untracked 
|  20|0x0000000081400000, 0x0000000081500000, 0x0000000081500000|100%| O|  |TAMS 0x0000000081500000, 0x0000000081400000| Untracked 
|  21|0x0000000081500000, 0x0000000081600000, 0x0000000081600000|100%| O|  |TAMS 0x0000000081600000, 0x0000000081500000| Untracked 
|  22|0x0000000081600000, 0x0000000081700000, 0x0000000081700000|100%| O|  |TAMS 0x0000000081700000, 0x0000000081600000| Untracked 
|  23|0x0000000081700000, 0x0000000081800000, 0x0000000081800000|100%| O|  |TAMS 0x0000000081800000, 0x0000000081700000| Untracked 
|  24|0x0000000081800000, 0x0000000081900000, 0x0000000081900000|100%| O|  |TAMS 0x0000000081900000, 0x0000000081800000| Untracked 
|  25|0x0000000081900000, 0x0000000081a00000, 0x0000000081a00000|100%| O|  |TAMS 0x0000000081a00000, 0x0000000081900000| Untracked 
|  26|0x0000000081a00000, 0x0000000081b00000, 0x0000000081b00000|100%| O|  |TAMS 0x0000000081b00000, 0x0000000081a00000| Untracked 
|  27|0x0000000081b00000, 0x0000000081c00000, 0x0000000081c00000|100%|HS|  |TAMS 0x0000000081c00000, 0x0000000081b00000| Complete 
|  28|0x0000000081c00000, 0x0000000081d00000, 0x0000000081d00000|100%|HS|  |TAMS 0x0000000081d00000, 0x0000000081c00000| Complete 
|  29|0x0000000081d00000, 0x0000000081e00000, 0x0000000081e00000|100%| O|  |TAMS 0x0000000081e00000, 0x0000000081d00000| Untracked 
|  30|0x0000000081e00000, 0x0000000081f00000, 0x0000000081f00000|100%| O|  |TAMS 0x0000000081f00000, 0x0000000081e00000| Untracked 
|  31|0x0000000081f00000, 0x0000000082000000, 0x0000000082000000|100%| O|  |TAMS 0x0000000082000000, 0x0000000081f00000| Untracked 
|  32|0x0000000082000000, 0x0000000082100000, 0x0000000082100000|100%| O|  |TAMS 0x0000000082100000, 0x0000000082000000| Untracked 
|  33|0x0000000082100000, 0x0000000082200000, 0x0000000082200000|100%|HS|  |TAMS 0x0000000082200000, 0x0000000082100000| Complete 
|  34|0x0000000082200000, 0x0000000082300000, 0x0000000082300000|100%|HC|  |TAMS 0x0000000082300000, 0x0000000082200000| Complete 
|  35|0x0000000082300000, 0x0000000082400000, 0x0000000082400000|100%| O|  |TAMS 0x0000000082400000, 0x0000000082300000| Untracked 
|  36|0x0000000082400000, 0x0000000082500000, 0x0000000082500000|100%| O|  |TAMS 0x0000000082500000, 0x0000000082400000| Untracked 
|  37|0x0000000082500000, 0x0000000082600000, 0x0000000082600000|100%| O|  |TAMS 0x0000000082600000, 0x0000000082500000| Untracked 
|  38|0x0000000082600000, 0x0000000082700000, 0x0000000082700000|100%| O|  |TAMS 0x0000000082700000, 0x0000000082600000| Untracked 
|  39|0x0000000082700000, 0x0000000082800000, 0x0000000082800000|100%| O|  |TAMS 0x0000000082800000, 0x0000000082700000| Untracked 
|  40|0x0000000082800000, 0x0000000082900000, 0x0000000082900000|100%| O|  |TAMS 0x0000000082900000, 0x0000000082800000| Untracked 
|  41|0x0000000082900000, 0x0000000082a00000, 0x0000000082a00000|100%| O|  |TAMS 0x0000000082a00000, 0x0000000082900000| Untracked 
|  42|0x0000000082a00000, 0x0000000082b00000, 0x0000000082b00000|100%| O|  |TAMS 0x0000000082b00000, 0x0000000082a00000| Untracked 
|  43|0x0000000082b00000, 0x0000000082c00000, 0x0000000082c00000|100%| O|  |TAMS 0x0000000082c00000, 0x0000000082b00000| Untracked 
|  44|0x0000000082c00000, 0x0000000082d00000, 0x0000000082d00000|100%| O|  |TAMS 0x0000000082d00000, 0x0000000082c00000| Untracked 
|  45|0x0000000082d00000, 0x0000000082e00000, 0x0000000082e00000|100%| O|  |TAMS 0x0000000082e00000, 0x0000000082d00000| Untracked 
|  46|0x0000000082e00000, 0x0000000082f00000, 0x0000000082f00000|100%| O|  |TAMS 0x0000000082f00000, 0x0000000082e00000| Untracked 
|  47|0x0000000082f00000, 0x0000000083000000, 0x0000000083000000|100%| O|  |TAMS 0x0000000083000000, 0x0000000082f00000| Untracked 
|  48|0x0000000083000000, 0x0000000083100000, 0x0000000083100000|100%| O|  |TAMS 0x0000000083100000, 0x0000000083000000| Untracked 
|  49|0x0000000083100000, 0x0000000083200000, 0x0000000083200000|100%| O|  |TAMS 0x0000000083200000, 0x0000000083100000| Untracked 
|  50|0x0000000083200000, 0x0000000083300000, 0x0000000083300000|100%| O|  |TAMS 0x0000000083300000, 0x0000000083200000| Untracked 
|  51|0x0000000083300000, 0x0000000083400000, 0x0000000083400000|100%| O|  |TAMS 0x0000000083400000, 0x0000000083300000| Untracked 
|  52|0x0000000083400000, 0x0000000083500000, 0x0000000083500000|100%| O|  |TAMS 0x0000000083500000, 0x0000000083400000| Untracked 
|  53|0x0000000083500000, 0x0000000083600000, 0x0000000083600000|100%| O|  |TAMS 0x0000000083600000, 0x0000000083500000| Untracked 
|  54|0x0000000083600000, 0x0000000083700000, 0x0000000083700000|100%| O|  |TAMS 0x0000000083700000, 0x0000000083600000| Untracked 
|  55|0x0000000083700000, 0x0000000083800000, 0x0000000083800000|100%| O|  |TAMS 0x0000000083800000, 0x0000000083700000| Untracked 
|  56|0x0000000083800000, 0x0000000083900000, 0x0000000083900000|100%| O|  |TAMS 0x0000000083900000, 0x0000000083800000| Untracked 
|  57|0x0000000083900000, 0x0000000083a00000, 0x0000000083a00000|100%| O|  |TAMS 0x0000000083a00000, 0x0000000083900000| Untracked 
|  58|0x0000000083a00000, 0x0000000083b00000, 0x0000000083b00000|100%| O|  |TAMS 0x0000000083b00000, 0x0000000083a00000| Untracked 
|  59|0x0000000083b00000, 0x0000000083c00000, 0x0000000083c00000|100%| O|  |TAMS 0x0000000083c00000, 0x0000000083b00000| Untracked 
|  60|0x0000000083c00000, 0x0000000083d00000, 0x0000000083d00000|100%| O|  |TAMS 0x0000000083d00000, 0x0000000083c00000| Untracked 
|  61|0x0000000083d00000, 0x0000000083e00000, 0x0000000083e00000|100%| O|  |TAMS 0x0000000083e00000, 0x0000000083d00000| Untracked 
|  62|0x0000000083e00000, 0x0000000083f00000, 0x0000000083f00000|100%| O|  |TAMS 0x0000000083f00000, 0x0000000083e00000| Untracked 
|  63|0x0000000083f00000, 0x0000000084000000, 0x0000000084000000|100%| O|  |TAMS 0x0000000084000000, 0x0000000083f00000| Untracked 
|  64|0x0000000084000000, 0x0000000084100000, 0x0000000084100000|100%| O|  |TAMS 0x0000000084100000, 0x0000000084000000| Untracked 
|  65|0x0000000084100000, 0x0000000084200000, 0x0000000084200000|100%| O|  |TAMS 0x0000000084200000, 0x0000000084100000| Untracked 
|  66|0x0000000084200000, 0x0000000084300000, 0x0000000084300000|100%| O|  |TAMS 0x0000000084300000, 0x0000000084200000| Untracked 
|  67|0x0000000084300000, 0x0000000084400000, 0x0000000084400000|100%| O|  |TAMS 0x0000000084400000, 0x0000000084300000| Untracked 
|  68|0x0000000084400000, 0x0000000084500000, 0x0000000084500000|100%| O|  |TAMS 0x0000000084500000, 0x0000000084400000| Untracked 
|  69|0x0000000084500000, 0x0000000084600000, 0x0000000084600000|100%| O|  |TAMS 0x0000000084600000, 0x0000000084500000| Untracked 
|  70|0x0000000084600000, 0x0000000084700000, 0x0000000084700000|100%| O|  |TAMS 0x0000000084700000, 0x0000000084600000| Untracked 
|  71|0x0000000084700000, 0x0000000084800000, 0x0000000084800000|100%| O|  |TAMS 0x0000000084800000, 0x0000000084700000| Untracked 
|  72|0x0000000084800000, 0x0000000084900000, 0x0000000084900000|100%| O|  |TAMS 0x0000000084900000, 0x0000000084800000| Untracked 
|  73|0x0000000084900000, 0x0000000084a00000, 0x0000000084a00000|100%| O|  |TAMS 0x0000000084a00000, 0x0000000084900000| Untracked 
|  74|0x0000000084a00000, 0x0000000084b00000, 0x0000000084b00000|100%|HS|  |TAMS 0x0000000084b00000, 0x0000000084a00000| Complete 
|  75|0x0000000084b00000, 0x0000000084c00000, 0x0000000084c00000|100%|HC|  |TAMS 0x0000000084c00000, 0x0000000084b00000| Complete 
|  76|0x0000000084c00000, 0x0000000084d00000, 0x0000000084d00000|100%| O|  |TAMS 0x0000000084d00000, 0x0000000084c00000| Untracked 
|  77|0x0000000084d00000, 0x0000000084e00000, 0x0000000084e00000|100%| O|  |TAMS 0x0000000084e00000, 0x0000000084d00000| Untracked 
|  78|0x0000000084e00000, 0x0000000084f00000, 0x0000000084f00000|100%| O|  |TAMS 0x0000000084f00000, 0x0000000084e00000| Untracked 
|  79|0x0000000084f00000, 0x0000000085000000, 0x0000000085000000|100%| O|  |TAMS 0x0000000085000000, 0x0000000084f00000| Untracked 
|  80|0x0000000085000000, 0x0000000085100000, 0x0000000085100000|100%| O|  |TAMS 0x0000000085100000, 0x0000000085000000| Untracked 
|  81|0x0000000085100000, 0x0000000085200000, 0x0000000085200000|100%| O|  |TAMS 0x0000000085200000, 0x0000000085100000| Untracked 
|  82|0x0000000085200000, 0x0000000085300000, 0x0000000085300000|100%| O|  |TAMS 0x0000000085300000, 0x0000000085200000| Untracked 
|  83|0x0000000085300000, 0x0000000085400000, 0x0000000085400000|100%| O|  |TAMS 0x0000000085400000, 0x0000000085300000| Untracked 
|  84|0x0000000085400000, 0x0000000085500000, 0x0000000085500000|100%| O|  |TAMS 0x0000000085500000, 0x0000000085400000| Untracked 
|  85|0x0000000085500000, 0x0000000085600000, 0x0000000085600000|100%| O|  |TAMS 0x0000000085600000, 0x0000000085500000| Untracked 
|  86|0x0000000085600000, 0x0000000085700000, 0x0000000085700000|100%| O|  |TAMS 0x0000000085700000, 0x0000000085600000| Untracked 
|  87|0x0000000085700000, 0x0000000085800000, 0x0000000085800000|100%| O|  |TAMS 0x0000000085800000, 0x0000000085700000| Untracked 
|  88|0x0000000085800000, 0x0000000085900000, 0x0000000085900000|100%| O|  |TAMS 0x0000000085900000, 0x0000000085800000| Untracked 
|  89|0x0000000085900000, 0x0000000085a00000, 0x0000000085a00000|100%| O|  |TAMS 0x0000000085a00000, 0x0000000085900000| Untracked 
|  90|0x0000000085a00000, 0x0000000085b00000, 0x0000000085b00000|100%| O|  |TAMS 0x0000000085b00000, 0x0000000085a00000| Untracked 
|  91|0x0000000085b00000, 0x0000000085c00000, 0x0000000085c00000|100%| O|  |TAMS 0x0000000085c00000, 0x0000000085b00000| Untracked 
|  92|0x0000000085c00000, 0x0000000085d00000, 0x0000000085d00000|100%| O|  |TAMS 0x0000000085d00000, 0x0000000085c00000| Untracked 
|  93|0x0000000085d00000, 0x0000000085e00000, 0x0000000085e00000|100%| O|  |TAMS 0x0000000085e00000, 0x0000000085d00000| Untracked 
|  94|0x0000000085e00000, 0x0000000085f00000, 0x0000000085f00000|100%| O|  |TAMS 0x0000000085f00000, 0x0000000085e00000| Untracked 
|  95|0x0000000085f00000, 0x0000000086000000, 0x0000000086000000|100%| O|  |TAMS 0x0000000086000000, 0x0000000085f00000| Untracked 
|  96|0x0000000086000000, 0x0000000086100000, 0x0000000086100000|100%| O|  |TAMS 0x0000000086100000, 0x0000000086000000| Untracked 
|  97|0x0000000086100000, 0x0000000086200000, 0x0000000086200000|100%| O|  |TAMS 0x0000000086200000, 0x0000000086100000| Untracked 
|  98|0x0000000086200000, 0x0000000086300000, 0x0000000086300000|100%| O|  |TAMS 0x0000000086300000, 0x0000000086200000| Untracked 
|  99|0x0000000086300000, 0x0000000086400000, 0x0000000086400000|100%| O|  |TAMS 0x0000000086400000, 0x0000000086300000| Untracked 
| 100|0x0000000086400000, 0x0000000086500000, 0x0000000086500000|100%| O|  |TAMS 0x0000000086500000, 0x0000000086400000| Untracked 
| 101|0x0000000086500000, 0x0000000086600000, 0x0000000086600000|100%| O|  |TAMS 0x0000000086600000, 0x0000000086500000| Untracked 
| 102|0x0000000086600000, 0x0000000086700000, 0x0000000086700000|100%| O|  |TAMS 0x0000000086700000, 0x0000000086600000| Untracked 
| 103|0x0000000086700000, 0x0000000086800000, 0x0000000086800000|100%| O|  |TAMS 0x0000000086800000, 0x0000000086700000| Untracked 
| 104|0x0000000086800000, 0x0000000086900000, 0x0000000086900000|100%| O|  |TAMS 0x0000000086900000, 0x0000000086800000| Untracked 
| 105|0x0000000086900000, 0x0000000086a00000, 0x0000000086a00000|100%| O|  |TAMS 0x0000000086a00000, 0x0000000086900000| Untracked 
| 106|0x0000000086a00000, 0x0000000086b00000, 0x0000000086b00000|100%| O|  |TAMS 0x0000000086b00000, 0x0000000086a00000| Untracked 
| 107|0x0000000086b00000, 0x0000000086c00000, 0x0000000086c00000|100%| O|  |TAMS 0x0000000086c00000, 0x0000000086b00000| Untracked 
| 108|0x0000000086c00000, 0x0000000086d00000, 0x0000000086d00000|100%| O|  |TAMS 0x0000000086d00000, 0x0000000086c00000| Untracked 
| 109|0x0000000086d00000, 0x0000000086e00000, 0x0000000086e00000|100%| O|  |TAMS 0x0000000086e00000, 0x0000000086d00000| Untracked 
| 110|0x0000000086e00000, 0x0000000086f00000, 0x0000000086f00000|100%| O|  |TAMS 0x0000000086f00000, 0x0000000086e00000| Untracked 
| 111|0x0000000086f00000, 0x0000000087000000, 0x0000000087000000|100%| O|  |TAMS 0x0000000087000000, 0x0000000086f00000| Untracked 
| 112|0x0000000087000000, 0x0000000087100000, 0x0000000087100000|100%| O|  |TAMS 0x0000000087100000, 0x0000000087000000| Untracked 
| 113|0x0000000087100000, 0x0000000087200000, 0x0000000087200000|100%| O|  |TAMS 0x0000000087200000, 0x0000000087100000| Untracked 
| 114|0x0000000087200000, 0x0000000087300000, 0x0000000087300000|100%| O|  |TAMS 0x0000000087300000, 0x0000000087200000| Untracked 
| 115|0x0000000087300000, 0x0000000087400000, 0x0000000087400000|100%| O|  |TAMS 0x0000000087400000, 0x0000000087300000| Untracked 
| 116|0x0000000087400000, 0x0000000087500000, 0x0000000087500000|100%| O|  |TAMS 0x0000000087500000, 0x0000000087400000| Untracked 
| 117|0x0000000087500000, 0x0000000087600000, 0x0000000087600000|100%| O|  |TAMS 0x0000000087600000, 0x0000000087500000| Untracked 
| 118|0x0000000087600000, 0x0000000087700000, 0x0000000087700000|100%| O|  |TAMS 0x0000000087700000, 0x0000000087600000| Untracked 
| 119|0x0000000087700000, 0x0000000087800000, 0x0000000087800000|100%| O|  |TAMS 0x00000000877f9400, 0x0000000087700000| Untracked 
| 120|0x0000000087800000, 0x0000000087900000, 0x0000000087900000|100%| O|  |TAMS 0x0000000087800000, 0x0000000087800000| Untracked 
| 121|0x0000000087900000, 0x0000000087a00000, 0x0000000087a00000|100%| O|  |TAMS 0x0000000087900000, 0x0000000087900000| Untracked 
| 122|0x0000000087a00000, 0x0000000087b00000, 0x0000000087b00000|100%| O|  |TAMS 0x0000000087a00000, 0x0000000087a00000| Untracked 
| 123|0x0000000087b00000, 0x0000000087c00000, 0x0000000087c00000|100%| O|  |TAMS 0x0000000087b00000, 0x0000000087b00000| Untracked 
| 124|0x0000000087c00000, 0x0000000087d00000, 0x0000000087d00000|100%| O|  |TAMS 0x0000000087c00000, 0x0000000087c00000| Untracked 
| 125|0x0000000087d00000, 0x0000000087e00000, 0x0000000087e00000|100%| O|  |TAMS 0x0000000087d00000, 0x0000000087d00000| Untracked 
| 126|0x0000000087e00000, 0x0000000087e9ee00, 0x0000000087f00000| 62%| O|  |TAMS 0x0000000087e00000, 0x0000000087e00000| Untracked 
| 127|0x0000000087f00000, 0x0000000087f00000, 0x0000000088000000|  0%| F|  |TAMS 0x0000000087f00000, 0x0000000087f00000| Untracked 
| 128|0x0000000088000000, 0x0000000088000000, 0x0000000088100000|  0%| F|  |TAMS 0x0000000088000000, 0x0000000088000000| Untracked 
| 129|0x0000000088100000, 0x0000000088100000, 0x0000000088200000|  0%| F|  |TAMS 0x0000000088100000, 0x0000000088100000| Untracked 
| 130|0x0000000088200000, 0x0000000088200000, 0x0000000088300000|  0%| F|  |TAMS 0x0000000088200000, 0x0000000088200000| Untracked 
| 131|0x0000000088300000, 0x0000000088300000, 0x0000000088400000|  0%| F|  |TAMS 0x0000000088300000, 0x0000000088300000| Untracked 
| 132|0x0000000088400000, 0x0000000088400000, 0x0000000088500000|  0%| F|  |TAMS 0x0000000088400000, 0x0000000088400000| Untracked 
| 133|0x0000000088500000, 0x0000000088500000, 0x0000000088600000|  0%| F|  |TAMS 0x0000000088500000, 0x0000000088500000| Untracked 
| 134|0x0000000088600000, 0x0000000088600000, 0x0000000088700000|  0%| F|  |TAMS 0x0000000088600000, 0x0000000088600000| Untracked 
| 135|0x0000000088700000, 0x0000000088700000, 0x0000000088800000|  0%| F|  |TAMS 0x0000000088700000, 0x0000000088700000| Untracked 
| 136|0x0000000088800000, 0x0000000088800000, 0x0000000088900000|  0%| F|  |TAMS 0x0000000088800000, 0x0000000088800000| Untracked 
| 137|0x0000000088900000, 0x0000000088900000, 0x0000000088a00000|  0%| F|  |TAMS 0x0000000088900000, 0x0000000088900000| Untracked 
| 138|0x0000000088a00000, 0x0000000088a00000, 0x0000000088b00000|  0%| F|  |TAMS 0x0000000088a00000, 0x0000000088a00000| Untracked 
| 139|0x0000000088b00000, 0x0000000088b00000, 0x0000000088c00000|  0%| F|  |TAMS 0x0000000088b00000, 0x0000000088b00000| Untracked 
| 140|0x0000000088c00000, 0x0000000088c00000, 0x0000000088d00000|  0%| F|  |TAMS 0x0000000088c00000, 0x0000000088c00000| Untracked 
| 141|0x0000000088d00000, 0x0000000088d00000, 0x0000000088e00000|  0%| F|  |TAMS 0x0000000088d00000, 0x0000000088d00000| Untracked 
| 142|0x0000000088e00000, 0x0000000088e00000, 0x0000000088f00000|  0%| F|  |TAMS 0x0000000088e00000, 0x0000000088e00000| Untracked 
| 143|0x0000000088f00000, 0x0000000088f00000, 0x0000000089000000|  0%| F|  |TAMS 0x0000000088f00000, 0x0000000088f00000| Untracked 
| 144|0x0000000089000000, 0x0000000089000000, 0x0000000089100000|  0%| F|  |TAMS 0x0000000089000000, 0x0000000089000000| Untracked 
| 145|0x0000000089100000, 0x0000000089100000, 0x0000000089200000|  0%| F|  |TAMS 0x0000000089100000, 0x0000000089100000| Untracked 
| 146|0x0000000089200000, 0x0000000089200000, 0x0000000089300000|  0%| F|  |TAMS 0x0000000089200000, 0x0000000089200000| Untracked 
| 147|0x0000000089300000, 0x0000000089300000, 0x0000000089400000|  0%| F|  |TAMS 0x0000000089300000, 0x0000000089300000| Untracked 
| 148|0x0000000089400000, 0x0000000089400000, 0x0000000089500000|  0%| F|  |TAMS 0x0000000089400000, 0x0000000089400000| Untracked 
| 149|0x0000000089500000, 0x0000000089500000, 0x0000000089600000|  0%| F|  |TAMS 0x0000000089500000, 0x0000000089500000| Untracked 
| 150|0x0000000089600000, 0x0000000089600000, 0x0000000089700000|  0%| F|  |TAMS 0x0000000089600000, 0x0000000089600000| Untracked 
| 151|0x0000000089700000, 0x0000000089700000, 0x0000000089800000|  0%| F|  |TAMS 0x0000000089700000, 0x0000000089700000| Untracked 
| 152|0x0000000089800000, 0x0000000089800000, 0x0000000089900000|  0%| F|  |TAMS 0x0000000089800000, 0x0000000089800000| Untracked 
| 153|0x0000000089900000, 0x0000000089900000, 0x0000000089a00000|  0%| F|  |TAMS 0x0000000089900000, 0x0000000089900000| Untracked 
| 154|0x0000000089a00000, 0x0000000089a00000, 0x0000000089b00000|  0%| F|  |TAMS 0x0000000089a00000, 0x0000000089a00000| Untracked 
| 155|0x0000000089b00000, 0x0000000089b00000, 0x0000000089c00000|  0%| F|  |TAMS 0x0000000089b00000, 0x0000000089b00000| Untracked 
| 156|0x0000000089c00000, 0x0000000089c00000, 0x0000000089d00000|  0%| F|  |TAMS 0x0000000089c00000, 0x0000000089c00000| Untracked 
| 157|0x0000000089d00000, 0x0000000089d00000, 0x0000000089e00000|  0%| F|  |TAMS 0x0000000089d00000, 0x0000000089d00000| Untracked 
| 158|0x0000000089e00000, 0x0000000089e00000, 0x0000000089f00000|  0%| F|  |TAMS 0x0000000089e00000, 0x0000000089e00000| Untracked 
| 159|0x0000000089f00000, 0x0000000089fedfb0, 0x000000008a000000| 92%| S|CS|TAMS 0x0000000089f00000, 0x0000000089f00000| Complete 
| 160|0x000000008a000000, 0x000000008a000000, 0x000000008a100000|  0%| F|  |TAMS 0x000000008a000000, 0x000000008a000000| Untracked 
| 161|0x000000008a100000, 0x000000008a100000, 0x000000008a200000|  0%| F|  |TAMS 0x000000008a100000, 0x000000008a100000| Untracked 
| 162|0x000000008a200000, 0x000000008a300000, 0x000000008a300000|100%| S|CS|TAMS 0x000000008a200000, 0x000000008a200000| Complete 
| 163|0x000000008a300000, 0x000000008a400000, 0x000000008a400000|100%| S|CS|TAMS 0x000000008a300000, 0x000000008a300000| Complete 
| 164|0x000000008a400000, 0x000000008a400000, 0x000000008a500000|  0%| F|  |TAMS 0x000000008a400000, 0x000000008a400000| Untracked 
| 165|0x000000008a500000, 0x000000008a500000, 0x000000008a600000|  0%| F|  |TAMS 0x000000008a500000, 0x000000008a500000| Untracked 
| 166|0x000000008a600000, 0x000000008a600000, 0x000000008a700000|  0%| F|  |TAMS 0x000000008a600000, 0x000000008a600000| Untracked 
| 167|0x000000008a700000, 0x000000008a700000, 0x000000008a800000|  0%| F|  |TAMS 0x000000008a700000, 0x000000008a700000| Untracked 
| 168|0x000000008a800000, 0x000000008a800000, 0x000000008a900000|  0%| F|  |TAMS 0x000000008a800000, 0x000000008a800000| Untracked 
| 169|0x000000008a900000, 0x000000008a900000, 0x000000008aa00000|  0%| F|  |TAMS 0x000000008a900000, 0x000000008a900000| Untracked 
| 170|0x000000008aa00000, 0x000000008aa00000, 0x000000008ab00000|  0%| F|  |TAMS 0x000000008aa00000, 0x000000008aa00000| Untracked 
| 171|0x000000008ab00000, 0x000000008ab00000, 0x000000008ac00000|  0%| F|  |TAMS 0x000000008ab00000, 0x000000008ab00000| Untracked 
| 172|0x000000008ac00000, 0x000000008ac00000, 0x000000008ad00000|  0%| F|  |TAMS 0x000000008ac00000, 0x000000008ac00000| Untracked 
| 173|0x000000008ad00000, 0x000000008ad00000, 0x000000008ae00000|  0%| F|  |TAMS 0x000000008ad00000, 0x000000008ad00000| Untracked 
| 174|0x000000008ae00000, 0x000000008ae00000, 0x000000008af00000|  0%| F|  |TAMS 0x000000008ae00000, 0x000000008ae00000| Untracked 
| 175|0x000000008af00000, 0x000000008af00000, 0x000000008b000000|  0%| F|  |TAMS 0x000000008af00000, 0x000000008af00000| Untracked 
| 176|0x000000008b000000, 0x000000008b000000, 0x000000008b100000|  0%| F|  |TAMS 0x000000008b000000, 0x000000008b000000| Untracked 
| 177|0x000000008b100000, 0x000000008b100000, 0x000000008b200000|  0%| F|  |TAMS 0x000000008b100000, 0x000000008b100000| Untracked 
| 178|0x000000008b200000, 0x000000008b200000, 0x000000008b300000|  0%| F|  |TAMS 0x000000008b200000, 0x000000008b200000| Untracked 
| 179|0x000000008b300000, 0x000000008b300000, 0x000000008b400000|  0%| F|  |TAMS 0x000000008b300000, 0x000000008b300000| Untracked 
| 180|0x000000008b400000, 0x000000008b400000, 0x000000008b500000|  0%| F|  |TAMS 0x000000008b400000, 0x000000008b400000| Untracked 
| 181|0x000000008b500000, 0x000000008b500000, 0x000000008b600000|  0%| F|  |TAMS 0x000000008b500000, 0x000000008b500000| Untracked 
| 182|0x000000008b600000, 0x000000008b600000, 0x000000008b700000|  0%| F|  |TAMS 0x000000008b600000, 0x000000008b600000| Untracked 
| 183|0x000000008b700000, 0x000000008b700000, 0x000000008b800000|  0%| F|  |TAMS 0x000000008b700000, 0x000000008b700000| Untracked 
| 184|0x000000008b800000, 0x000000008b800000, 0x000000008b900000|  0%| F|  |TAMS 0x000000008b800000, 0x000000008b800000| Untracked 
| 185|0x000000008b900000, 0x000000008b900000, 0x000000008ba00000|  0%| F|  |TAMS 0x000000008b900000, 0x000000008b900000| Untracked 
| 186|0x000000008ba00000, 0x000000008ba00000, 0x000000008bb00000|  0%| F|  |TAMS 0x000000008ba00000, 0x000000008ba00000| Untracked 
| 187|0x000000008bb00000, 0x000000008bb00000, 0x000000008bc00000|  0%| F|  |TAMS 0x000000008bb00000, 0x000000008bb00000| Untracked 
| 188|0x000000008bc00000, 0x000000008bc00000, 0x000000008bd00000|  0%| F|  |TAMS 0x000000008bc00000, 0x000000008bc00000| Untracked 
| 189|0x000000008bd00000, 0x000000008bd00000, 0x000000008be00000|  0%| F|  |TAMS 0x000000008bd00000, 0x000000008bd00000| Untracked 
| 190|0x000000008be00000, 0x000000008be00000, 0x000000008bf00000|  0%| F|  |TAMS 0x000000008be00000, 0x000000008be00000| Untracked 
| 191|0x000000008bf00000, 0x000000008bf00000, 0x000000008c000000|  0%| F|  |TAMS 0x000000008bf00000, 0x000000008bf00000| Untracked 
| 192|0x000000008c000000, 0x000000008c000000, 0x000000008c100000|  0%| F|  |TAMS 0x000000008c000000, 0x000000008c000000| Untracked 
| 193|0x000000008c100000, 0x000000008c100000, 0x000000008c200000|  0%| F|  |TAMS 0x000000008c100000, 0x000000008c100000| Untracked 
| 194|0x000000008c200000, 0x000000008c200000, 0x000000008c300000|  0%| F|  |TAMS 0x000000008c200000, 0x000000008c200000| Untracked 
| 195|0x000000008c300000, 0x000000008c300000, 0x000000008c400000|  0%| F|  |TAMS 0x000000008c300000, 0x000000008c300000| Untracked 
| 196|0x000000008c400000, 0x000000008c400000, 0x000000008c500000|  0%| F|  |TAMS 0x000000008c400000, 0x000000008c400000| Untracked 
| 197|0x000000008c500000, 0x000000008c500000, 0x000000008c600000|  0%| F|  |TAMS 0x000000008c500000, 0x000000008c500000| Untracked 
| 198|0x000000008c600000, 0x000000008c600000, 0x000000008c700000|  0%| F|  |TAMS 0x000000008c600000, 0x000000008c600000| Untracked 
| 199|0x000000008c700000, 0x000000008c700000, 0x000000008c800000|  0%| F|  |TAMS 0x000000008c700000, 0x000000008c700000| Untracked 

Card table byte_map: [0x000002397cde0000,0x000002397d1e0000] _byte_map_base: 0x000002397c9e0000

Marking Bits (Prev, Next): (CMBitMap*) 0x00000239698dc990, (CMBitMap*) 0x00000239698dc958
 Prev Bits: [0x0000023900000000, 0x0000023902000000)
 Next Bits: [0x000002397d5e0000, 0x000002397f5e0000)

Polling page: 0x000002396d390000

Metaspace:

Usage:
  Non-class:     83.58 MB capacity,    82.03 MB ( 98%) used,     1.26 MB (  2%) free+waste,   297.94 KB ( <1%) overhead. 
      Class:     13.31 MB capacity,    12.35 MB ( 93%) used,   844.07 KB (  6%) free+waste,   141.06 KB (  1%) overhead. 
       Both:     96.89 MB capacity,    94.38 MB ( 97%) used,     2.08 MB (  2%) free+waste,   439.00 KB ( <1%) overhead. 

Virtual space:
  Non-class space:       84.00 MB reserved,      83.75 MB (>99%) committed 
      Class space:        1.00 GB reserved,      13.32 MB (  1%) committed 
             Both:        1.08 GB reserved,      97.07 MB (  9%) committed 

Chunk freelists:
   Non-Class:  51.00 KB
       Class:  2.00 KB
        Both:  53.00 KB

MaxMetaspaceSize: 17179869184.00 GB
CompressedClassSpaceSize: 1.00 GB

CodeHeap 'non-profiled nmethods': size=120064Kb used=5703Kb max_used=5703Kb free=114360Kb
 bounds [0x0000023974e70000, 0x0000023975410000, 0x000002397c3b0000]
CodeHeap 'profiled nmethods': size=120000Kb used=24578Kb max_used=24578Kb free=95421Kb
 bounds [0x000002396d940000, 0x000002396f150000, 0x0000023974e70000]
CodeHeap 'non-nmethods': size=5696Kb used=2302Kb max_used=2345Kb free=3393Kb
 bounds [0x000002396d3b0000, 0x000002396d620000, 0x000002396d940000]
 total_blobs=12543 nmethods=11635 adapters=818
 compilation: enabled
              stopped_count=0, restarted_count=0
 full_count=0

Compilation events (20 events):
Event: 60.057 Thread 0x000002397fc5d800 nmethod 11879 0x000002396f136a10 code [0x000002396f136bc0, 0x000002396f136cd8]
Event: 60.057 Thread 0x000002397fc5d800 11874       2       com.android.tools.r8.internal.QG::h (7 bytes)
Event: 60.057 Thread 0x000002397fc5d800 nmethod 11874 0x000002396f136d90 code [0x000002396f136f40, 0x000002396f137068]
Event: 60.057 Thread 0x000002397fc5d800 11871       1       com.android.tools.r8.internal.Nv::O (2 bytes)
Event: 60.057 Thread 0x000002397fc5d800 nmethod 11871 0x0000023975401790 code [0x0000023975401940, 0x00000239754019f8]
Event: 60.057 Thread 0x000002397fc5d800 11875       1       com.android.tools.r8.internal.Nv::b (2 bytes)
Event: 60.057 Thread 0x000002397fc5d800 nmethod 11875 0x0000023975401a90 code [0x0000023975401c40, 0x0000023975401cf8]
Event: 60.057 Thread 0x000002397fc5d800 11881       2       com.android.tools.r8.ir.regalloc.a$$Lambda$1484/0x0000000100c3e040::test (8 bytes)
Event: 60.057 Thread 0x000002397fc5d800 nmethod 11881 0x000002396f137110 code [0x000002396f1372c0, 0x000002396f137488]
Event: 60.057 Thread 0x000002397fc5d800 11882       2       com.android.tools.r8.ir.regalloc.a::b (25 bytes)
Event: 60.058 Thread 0x000002397fc5d800 nmethod 11882 0x000002396f137590 code [0x000002396f137740, 0x000002396f1378a8]
Event: 60.058 Thread 0x000002397fc5d800 11880       2       com.android.tools.r8.internal.QG::d (42 bytes)
Event: 60.058 Thread 0x000002397fc5d800 nmethod 11880 0x000002396f137990 code [0x000002396f137b40, 0x000002396f137c88]
Event: 60.058 Thread 0x000002397fc5d800 11886       2       com.android.tools.r8.internal.Mv::a (1305 bytes)
Event: 60.076 Thread 0x000002397fc5d800 nmethod 11886 0x000002396f137d90 code [0x000002396f138760, 0x000002396f13cf78]
Event: 60.076 Thread 0x000002397fc5d800 11889       2       java.util.AbstractCollection::removeAll (49 bytes)
Event: 60.077 Thread 0x000002397fc5d800 nmethod 11889 0x000002396f140090 code [0x000002396f1402a0, 0x000002396f140618]
Event: 60.077 Thread 0x000002397fc5d800 11888       2       com.android.tools.r8.internal.CC::equals (11 bytes)
Event: 60.077 Thread 0x000002397fc5d800 nmethod 11888 0x000002396f140810 code [0x000002396f1409c0, 0x000002396f140ad8]
Event: 60.077 Thread 0x000002397fc5d800 11895       2       com.android.tools.r8.ir.regalloc.a::a (106 bytes)

GC Heap History (20 events):
Event: 47.492 GC heap after
{Heap after GC invocations=65 (full 0):
 garbage-first heap   total 141312K, used 69662K [0x0000000080000000, 0x0000000100000000)
  region size 1024K, 5 young (5120K), 5 survivors (5120K)
 Metaspace       used 85630K, capacity 87674K, committed 87884K, reserved 1126400K
  class space    used 11028K, capacity 11788K, committed 11852K, reserved 1048576K
}
Event: 49.815 GC heap before
{Heap before GC invocations=66 (full 0):
 garbage-first heap   total 141312K, used 107550K [0x0000000080000000, 0x0000000100000000)
  region size 1024K, 43 young (44032K), 5 survivors (5120K)
 Metaspace       used 86090K, capacity 88196K, committed 88396K, reserved 1126400K
  class space    used 11046K, capacity 11820K, committed 11852K, reserved 1048576K
}
Event: 49.836 GC heap after
{Heap after GC invocations=67 (full 0):
 garbage-first heap   total 141312K, used 71801K [0x0000000080000000, 0x0000000100000000)
  region size 1024K, 5 young (5120K), 5 survivors (5120K)
 Metaspace       used 86090K, capacity 88196K, committed 88396K, reserved 1126400K
  class space    used 11046K, capacity 11820K, committed 11852K, reserved 1048576K
}
Event: 50.131 GC heap before
{Heap before GC invocations=67 (full 0):
 garbage-first heap   total 141312K, used 77945K [0x0000000080000000, 0x0000000100000000)
  region size 1024K, 12 young (12288K), 5 survivors (5120K)
 Metaspace       used 86347K, capacity 88403K, committed 88652K, reserved 1126400K
  class space    used 11083K, capacity 11845K, committed 11852K, reserved 1048576K
}
Event: 50.150 GC heap after
{Heap after GC invocations=68 (full 0):
 garbage-first heap   total 169984K, used 72263K [0x0000000080000000, 0x0000000100000000)
  region size 1024K, 3 young (3072K), 3 survivors (3072K)
 Metaspace       used 86347K, capacity 88403K, committed 88652K, reserved 1126400K
  class space    used 11083K, capacity 11845K, committed 11852K, reserved 1048576K
}
Event: 52.059 GC heap before
{Heap before GC invocations=69 (full 0):
 garbage-first heap   total 169984K, used 128583K [0x0000000080000000, 0x0000000100000000)
  region size 1024K, 51 young (52224K), 3 survivors (3072K)
 Metaspace       used 87450K, capacity 89549K, committed 89676K, reserved 1126400K
  class space    used 11228K, capacity 11991K, committed 12108K, reserved 1048576K
}
Event: 52.081 GC heap after
{Heap after GC invocations=70 (full 0):
 garbage-first heap   total 169984K, used 84293K [0x0000000080000000, 0x0000000100000000)
  region size 1024K, 7 young (7168K), 7 survivors (7168K)
 Metaspace       used 87450K, capacity 89549K, committed 89676K, reserved 1126400K
  class space    used 11228K, capacity 11991K, committed 12108K, reserved 1048576K
}
Event: 53.410 GC heap before
{Heap before GC invocations=70 (full 0):
 garbage-first heap   total 169984K, used 127301K [0x0000000080000000, 0x0000000100000000)
  region size 1024K, 50 young (51200K), 7 survivors (7168K)
 Metaspace       used 89855K, capacity 92049K, committed 92364K, reserved 1128448K
  class space    used 11564K, capacity 12384K, committed 12492K, reserved 1048576K
}
Event: 53.438 GC heap after
{Heap after GC invocations=71 (full 0):
 garbage-first heap   total 169984K, used 91136K [0x0000000080000000, 0x0000000100000000)
  region size 1024K, 7 young (7168K), 7 survivors (7168K)
 Metaspace       used 89855K, capacity 92049K, committed 92364K, reserved 1128448K
  class space    used 11564K, capacity 12384K, committed 12492K, reserved 1048576K
}
Event: 54.201 GC heap before
{Heap before GC invocations=72 (full 0):
 garbage-first heap   total 169984K, used 131072K [0x0000000080000000, 0x0000000100000000)
  region size 1024K, 46 young (47104K), 7 survivors (7168K)
 Metaspace       used 90335K, capacity 92485K, committed 92620K, reserved 1130496K
  class space    used 11635K, capacity 12441K, committed 12492K, reserved 1048576K
}
Event: 54.241 GC heap after
{Heap after GC invocations=73 (full 0):
 garbage-first heap   total 169984K, used 98304K [0x0000000080000000, 0x0000000100000000)
  region size 1024K, 6 young (6144K), 6 survivors (6144K)
 Metaspace       used 90335K, capacity 92485K, committed 92620K, reserved 1130496K
  class space    used 11635K, capacity 12441K, committed 12492K, reserved 1048576K
}
Event: 55.055 GC heap before
{Heap before GC invocations=73 (full 0):
 garbage-first heap   total 169984K, used 133120K [0x0000000080000000, 0x0000000100000000)
  region size 1024K, 40 young (40960K), 6 survivors (6144K)
 Metaspace       used 91376K, capacity 93691K, committed 93900K, reserved 1130496K
  class space    used 11798K, capacity 12653K, committed 12748K, reserved 1048576K
}
Event: 55.098 GC heap after
{Heap after GC invocations=74 (full 0):
 garbage-first heap   total 204800K, used 106496K [0x0000000080000000, 0x0000000100000000)
  region size 1024K, 5 young (5120K), 5 survivors (5120K)
 Metaspace       used 91376K, capacity 93691K, committed 93900K, reserved 1130496K
  class space    used 11798K, capacity 12653K, committed 12748K, reserved 1048576K
}
Event: 55.814 GC heap before
{Heap before GC invocations=74 (full 0):
 garbage-first heap   total 204800K, used 150528K [0x0000000080000000, 0x0000000100000000)
  region size 1024K, 48 young (49152K), 5 survivors (5120K)
 Metaspace       used 91833K, capacity 94204K, committed 94412K, reserved 1130496K
  class space    used 11854K, capacity 12717K, committed 12748K, reserved 1048576K
}
Event: 56.248 GC heap after
{Heap after GC invocations=75 (full 0):
 garbage-first heap   total 204800K, used 115084K [0x0000000080000000, 0x0000000100000000)
  region size 1024K, 6 young (6144K), 6 survivors (6144K)
 Metaspace       used 91833K, capacity 94204K, committed 94412K, reserved 1130496K
  class space    used 11854K, capacity 12717K, committed 12748K, reserved 1048576K
}
Event: 57.743 GC heap before
{Heap before GC invocations=76 (full 0):
 garbage-first heap   total 204800K, used 156044K [0x0000000080000000, 0x0000000100000000)
  region size 1024K, 46 young (47104K), 6 survivors (6144K)
 Metaspace       used 93089K, capacity 95549K, committed 95820K, reserved 1132544K
  class space    used 12074K, capacity 13038K, committed 13132K, reserved 1048576K
}
Event: 57.793 GC heap after
{Heap after GC invocations=77 (full 0):
 garbage-first heap   total 204800K, used 122199K [0x0000000080000000, 0x0000000100000000)
  region size 1024K, 6 young (6144K), 6 survivors (6144K)
 Metaspace       used 93089K, capacity 95549K, committed 95820K, reserved 1132544K
  class space    used 12074K, capacity 13038K, committed 13132K, reserved 1048576K
}
Event: 58.006 GC heap before
{Heap before GC invocations=77 (full 0):
 garbage-first heap   total 204800K, used 161111K [0x0000000080000000, 0x0000000100000000)
  region size 1024K, 44 young (45056K), 6 survivors (6144K)
 Metaspace       used 93494K, capacity 95975K, committed 96076K, reserved 1132544K
  class space    used 12158K, capacity 13116K, committed 13132K, reserved 1048576K
}
Event: 58.048 GC heap after
{Heap after GC invocations=78 (full 0):
 garbage-first heap   total 204800K, used 128997K [0x0000000080000000, 0x0000000100000000)
  region size 1024K, 6 young (6144K), 6 survivors (6144K)
 Metaspace       used 93494K, capacity 95975K, committed 96076K, reserved 1132544K
  class space    used 12158K, capacity 13116K, committed 13132K, reserved 1048576K
}
Event: 60.081 GC heap before
{Heap before GC invocations=79 (full 0):
 garbage-first heap   total 204800K, used 165861K [0x0000000080000000, 0x0000000100000000)
  region size 1024K, 42 young (43008K), 6 survivors (6144K)
 Metaspace       used 96640K, capacity 99211K, committed 99404K, reserved 1134592K
  class space    used 12644K, capacity 13630K, committed 13644K, reserved 1048576K
}

Deoptimization events (20 events):
Event: 59.405 Thread 0x0000023908f40800 DEOPT PACKING pc=0x00000239751e7efc sp=0x000000dae1af9b10
Event: 59.405 Thread 0x0000023908f40800 DEOPT UNPACKING pc=0x000002396d3d78af sp=0x000000dae1af9aa8 mode 2
Event: 59.452 Thread 0x0000023908f43000 Uncommon trap: trap_request=0xffffff4d fr.pc=0x0000023975363160 relative=0x0000000000000040
Event: 59.452 Thread 0x0000023908f43000 Uncommon trap: reason=unstable_if action=reinterpret pc=0x0000023975363160 method=com.android.tools.r8.internal.DA.a(Ljava/lang/Object;[Lcom/android/tools/r8/internal/zf;I)Ljava/lang/Object; @ 5 c2
Event: 59.452 Thread 0x0000023908f43000 DEOPT PACKING pc=0x0000023975363160 sp=0x000000dae19f9eb0
Event: 59.452 Thread 0x0000023908f43000 DEOPT UNPACKING pc=0x000002396d3d78af sp=0x000000dae19f9e60 mode 2
Event: 59.492 Thread 0x0000023908f40800 Uncommon trap: trap_request=0xffffff4d fr.pc=0x000002397518ec60 relative=0x00000000000027c0
Event: 59.492 Thread 0x0000023908f40800 Uncommon trap: reason=unstable_if action=reinterpret pc=0x000002397518ec60 method=java.util.TreeMap.put(Ljava/lang/Object;Ljava/lang/Object;)Ljava/lang/Object; @ 163 c2
Event: 59.492 Thread 0x0000023908f40800 DEOPT PACKING pc=0x000002397518ec60 sp=0x000000dae1af99c0
Event: 59.492 Thread 0x0000023908f40800 DEOPT UNPACKING pc=0x000002396d3d78af sp=0x000000dae1af9980 mode 2
Event: 59.556 Thread 0x0000023908f40000 DEOPT PACKING pc=0x000002396efdd447 sp=0x000000dae1cf8a90
Event: 59.556 Thread 0x0000023908f40000 DEOPT UNPACKING pc=0x000002396d3d76ce sp=0x000000dae1cf7ef8 mode 0
Event: 59.779 Thread 0x0000023908f40800 Uncommon trap: trap_request=0xffffff4d fr.pc=0x00000239753d7580 relative=0x00000000000004c0
Event: 59.779 Thread 0x0000023908f40800 Uncommon trap: reason=unstable_if action=reinterpret pc=0x00000239753d7580 method=com.android.tools.r8.graph.a0.g(Ljava/lang/Object;)Z @ 37 c2
Event: 59.779 Thread 0x0000023908f40800 DEOPT PACKING pc=0x00000239753d7580 sp=0x000000dae1af8260
Event: 59.779 Thread 0x0000023908f40800 DEOPT UNPACKING pc=0x000002396d3d78af sp=0x000000dae1af8200 mode 2
Event: 59.909 Thread 0x0000023908f43000 Uncommon trap: trap_request=0xffffff4d fr.pc=0x00000239751c4680 relative=0x0000000000000680
Event: 59.909 Thread 0x0000023908f43000 Uncommon trap: reason=unstable_if action=reinterpret pc=0x00000239751c4680 method=java.util.HashMap$HashIterator.<init>(Ljava/util/HashMap;)V @ 45 c2
Event: 59.909 Thread 0x0000023908f43000 DEOPT PACKING pc=0x00000239751c4680 sp=0x000000dae19f9d20
Event: 59.909 Thread 0x0000023908f43000 DEOPT UNPACKING pc=0x000002396d3d78af sp=0x000000dae19f9ba8 mode 2

Classes redefined (0 events):
No events

Internal exceptions (20 events):
Event: 54.623 Thread 0x0000023908f43000 Exception <a 'java/lang/IncompatibleClassChangeError'{0x00000000896bb120}: Found class java.lang.Object, but interface was expected> (0x00000000896bb120) thrown at [./src/hotspot/share/interpreter/linkResolver.cpp, line 839]
Event: 54.623 Thread 0x0000023908f40800 Exception <a 'java/lang/IncompatibleClassChangeError'{0x0000000089507ab8}: Found class java.lang.Object, but interface was expected> (0x0000000089507ab8) thrown at [./src/hotspot/share/interpreter/linkResolver.cpp, line 839]
Event: 54.623 Thread 0x0000023908f41800 Exception <a 'java/lang/IncompatibleClassChangeError'{0x00000000896e8100}: Found class java.lang.Object, but interface was expected> (0x00000000896e8100) thrown at [./src/hotspot/share/interpreter/linkResolver.cpp, line 839]
Event: 54.661 Thread 0x0000023908f43000 Exception <a 'java/lang/NoSuchMethodError'{0x00000000896dd728}: 'int java.lang.invoke.DirectMethodHandle$Holder.invokeVirtual(java.lang.Object, java.lang.Object, java.lang.Object)'> (0x00000000896dd728) thrown at [./src/hotspot/share/interpreter/linkResolver.cpp, line 773]
Event: 54.661 Thread 0x0000023908f41800 Exception <a 'java/lang/NoSuchMethodError'{0x00000000896f70c0}: 'int java.lang.invoke.DirectMethodHandle$Holder.invokeVirtual(java.lang.Object, java.lang.Object, java.lang.Object)'> (0x00000000896f70c0) thrown at [./src/hotspot/share/interpreter/linkResolver.cpp, line 773]
Event: 57.478 Thread 0x0000023908f43000 Exception <a 'java/lang/NoSuchMethodError'{0x000000008c3add18}: 'java.lang.Object java.lang.invoke.DirectMethodHandle$Holder.invokeStatic(java.lang.Object, int, java.lang.Object, java.lang.Object)'> (0x000000008c3add18) thrown at [./src/hotspot/share/interpreter/linkResolver.cpp, line 773]
Event: 57.478 Thread 0x0000023908f41800 Exception <a 'java/lang/NoSuchMethodError'{0x000000008c37fc18}: 'java.lang.Object java.lang.invoke.DirectMethodHandle$Holder.invokeStatic(java.lang.Object, int, java.lang.Object, java.lang.Object)'> (0x000000008c37fc18) thrown at [./src/hotspot/share/interpreter/linkResolver.cpp, line 773]
Event: 57.478 Thread 0x0000023908f40800 Exception <a 'java/lang/NoSuchMethodError'{0x000000008c3fa3f8}: 'java.lang.Object java.lang.invoke.DirectMethodHandle$Holder.invokeStatic(java.lang.Object, int, java.lang.Object, java.lang.Object)'> (0x000000008c3fa3f8) thrown at [./src/hotspot/share/interpreter/linkResolver.cpp, line 773]
Event: 57.478 Thread 0x0000023908f40000 Exception <a 'java/lang/NoSuchMethodError'{0x000000008c336cf8}: 'java.lang.Object java.lang.invoke.DirectMethodHandle$Holder.invokeStatic(java.lang.Object, int, java.lang.Object, java.lang.Object)'> (0x000000008c336cf8) thrown at [./src/hotspot/share/interpreter/linkResolver.cpp, line 773]
Event: 57.510 Thread 0x0000023908f40000 Exception <a 'java/lang/NoSuchMethodError'{0x000000008c2ec628}: 'java.lang.Object java.lang.invoke.Invokers$Holder.linkToTargetMethod(java.lang.Object, java.lang.Object, java.lang.Object, java.lang.Object, java.lang.Object, java.lang.Object, java.lang.Object, java.lang.Object)'> (0x000000008c2ec628) thrown at [./src/hotspot/share/interpreter/linkResolver.cpp, line 773]
Event: 57.510 Thread 0x0000023908f40800 Exception <a 'java/lang/NoSuchMethodError'{0x000000008c156da0}: 'java.lang.Object java.lang.invoke.Invokers$Holder.linkToTargetMethod(java.lang.Object, java.lang.Object, java.lang.Object, java.lang.Object, java.lang.Object, java.lang.Object, java.lang.Object, java.lang.Object)'> (0x000000008c156da0) thrown at [./src/hotspot/share/interpreter/linkResolver.cpp, line 773]
Event: 57.510 Thread 0x0000023908f43000 Exception <a 'java/lang/NoSuchMethodError'{0x000000008c2908e0}: 'java.lang.Object java.lang.invoke.Invokers$Holder.linkToTargetMethod(java.lang.Object, java.lang.Object, java.lang.Object, java.lang.Object, java.lang.Object, java.lang.Object, java.lang.Object, java.lang.Object)'> (0x000000008c2908e0) thrown at [./src/hotspot/share/interpreter/linkResolver.cpp, line 773]
Event: 57.689 Thread 0x0000023908f40800 Exception <a 'java/lang/NoSuchMethodError'{0x000000008a77a950}: 'java.lang.Object java.lang.invoke.Invokers$Holder.linkToTargetMethod(java.lang.Object, java.lang.Object, java.lang.Object, java.lang.Object, java.lang.Object, java.lang.Object, java.lang.Object)'> (0x000000008a77a950) thrown at [./src/hotspot/share/interpreter/linkResolver.cpp, line 773]
Event: 58.336 Thread 0x0000023908f41800 Exception <a 'java/lang/NoSuchMethodError'{0x000000008c6c0058}: 'java.lang.Object java.lang.invoke.DirectMethodHandle$Holder.invokeVirtual(java.lang.Object, java.lang.Object, int, java.lang.Object)'> (0x000000008c6c0058) thrown at [./src/hotspot/share/interpreter/linkResolver.cpp, line 773]
Event: 58.336 Thread 0x0000023908f43000 Exception <a 'java/lang/NoSuchMethodError'{0x000000008c7d73e0}: 'java.lang.Object java.lang.invoke.DirectMethodHandle$Holder.invokeVirtual(java.lang.Object, java.lang.Object, int, java.lang.Object)'> (0x000000008c7d73e0) thrown at [./src/hotspot/share/interpreter/linkResolver.cpp, line 773]
Event: 58.336 Thread 0x0000023908f40800 Exception <a 'java/lang/NoSuchMethodError'{0x000000008c5104f8}: 'java.lang.Object java.lang.invoke.DirectMethodHandle$Holder.invokeVirtual(java.lang.Object, java.lang.Object, int, java.lang.Object)'> (0x000000008c5104f8) thrown at [./src/hotspot/share/interpreter/linkResolver.cpp, line 773]
Event: 58.530 Thread 0x0000023908f43000 Exception <a 'java/lang/NoSuchMethodError'{0x000000008c7ed588}: 'void java.lang.invoke.DirectMethodHandle$Holder.invokeVirtual(java.lang.Object, java.lang.Object, int, java.lang.Object)'> (0x000000008c7ed588) thrown at [./src/hotspot/share/interpreter/linkResolver.cpp, line 773]
Event: 58.530 Thread 0x0000023908f40800 Exception <a 'java/lang/NoSuchMethodError'{0x000000008c44dbc0}: 'void java.lang.invoke.DirectMethodHandle$Holder.invokeVirtual(java.lang.Object, java.lang.Object, int, java.lang.Object)'> (0x000000008c44dbc0) thrown at [./src/hotspot/share/interpreter/linkResolver.cpp, line 773]
Event: 59.216 Thread 0x0000023908f41800 Exception <a 'java/lang/NoSuchMethodError'{0x000000008c1a0e90}: 'int java.lang.invoke.DirectMethodHandle$Holder.invokeSpecial(java.lang.Object, java.lang.Object, java.lang.Object, int, java.lang.Object)'> (0x000000008c1a0e90) thrown at [./src/hotspot/share/interpreter/linkResolver.cpp, line 773]
Event: 59.670 Thread 0x0000023908f40000 Exception <a 'java/lang/NoSuchMethodError'{0x000000008b8db7a8}: 'java.lang.Object java.lang.invoke.DirectMethodHandle$Holder.invokeInterface(java.lang.Object, java.lang.Object, int)'> (0x000000008b8db7a8) thrown at [./src/hotspot/share/interpreter/linkResolver.cpp, line 773]

Events (20 events):
Event: 59.920 loading class com/android/tools/r8/code/O0 done
Event: 59.930 loading class com/android/tools/r8/internal/Rb
Event: 59.930 loading class com/android/tools/r8/internal/Rb done
Event: 59.931 loading class com/android/tools/r8/code/r2
Event: 59.931 loading class com/android/tools/r8/code/r2 done
Event: 59.938 loading class com/android/tools/r8/code/l2
Event: 59.938 loading class com/android/tools/r8/code/l2 done
Event: 59.939 Executing VM operation: RevokeBias
Event: 59.941 Executing VM operation: RevokeBias done
Event: 59.943 loading class com/android/tools/r8/code/g2
Event: 59.943 loading class com/android/tools/r8/code/g2 done
Event: 59.946 loading class com/android/tools/r8/code/k2
Event: 59.946 loading class com/android/tools/r8/code/k2 done
Event: 59.947 loading class com/android/tools/r8/internal/t1
Event: 59.947 loading class com/android/tools/r8/internal/t1 done
Event: 59.955 loading class com/android/tools/r8/code/q2
Event: 59.955 loading class com/android/tools/r8/code/q2 done
Event: 59.983 loading class com/android/tools/r8/internal/Dt$a
Event: 59.983 loading class com/android/tools/r8/internal/Dt$a done
Event: 60.079 Executing VM operation: G1CollectForAllocation


Dynamic libraries:
0x00007ff6bd210000 - 0x00007ff6bd21a000 	C:\Program Files\Android\Android Studio\jre\bin\java.exe
0x00007ffc57b30000 - 0x00007ffc57d25000 	C:\Windows\SYSTEM32\ntdll.dll
0x00007ffc57a00000 - 0x00007ffc57abe000 	C:\Windows\System32\KERNEL32.DLL
0x00007ffc552a0000 - 0x00007ffc55568000 	C:\Windows\System32\KERNELBASE.dll
0x00007ffc557b0000 - 0x00007ffc558b0000 	C:\Windows\System32\ucrtbase.dll
0x00007ffc4c830000 - 0x00007ffc4c847000 	C:\Program Files\Android\Android Studio\jre\bin\VCRUNTIME140.dll
0x00007ffc4c810000 - 0x00007ffc4c829000 	C:\Program Files\Android\Android Studio\jre\bin\jli.dll
0x00007ffc57250000 - 0x00007ffc573f0000 	C:\Windows\System32\USER32.dll
0x00007ffc55780000 - 0x00007ffc557a2000 	C:\Windows\System32\win32u.dll
0x00007ffc57490000 - 0x00007ffc574ba000 	C:\Windows\System32\GDI32.dll
0x00007ffc555e0000 - 0x00007ffc556eb000 	C:\Windows\System32\gdi32full.dll
0x00007ffc3c310000 - 0x00007ffc3c5aa000 	C:\Windows\WinSxS\amd64_microsoft.windows.common-controls_6595b64144ccf1df_6.0.19041.1110_none_60b5254171f9507e\COMCTL32.dll
0x00007ffc55af0000 - 0x00007ffc55b8d000 	C:\Windows\System32\msvcp_win.dll
0x00007ffc573f0000 - 0x00007ffc5748e000 	C:\Windows\System32\msvcrt.dll
0x00007ffc57ac0000 - 0x00007ffc57af0000 	C:\Windows\System32\IMM32.DLL
0x00007ffc4bbb0000 - 0x00007ffc4bc4d000 	C:\Program Files\Android\Android Studio\jre\bin\msvcp140.dll
0x00007ffc22aa0000 - 0x00007ffc2356f000 	C:\Program Files\Android\Android Studio\jre\bin\server\jvm.dll
0x00007ffc55cc0000 - 0x00007ffc55d6e000 	C:\Windows\System32\ADVAPI32.dll
0x00007ffc574f0000 - 0x00007ffc5758c000 	C:\Windows\System32\sechost.dll
0x00007ffc55b90000 - 0x00007ffc55cb5000 	C:\Windows\System32\RPCRT4.dll
0x00007ffc574e0000 - 0x00007ffc574e8000 	C:\Windows\System32\PSAPI.DLL
0x00007ffc54de0000 - 0x00007ffc54dea000 	C:\Windows\SYSTEM32\VERSION.dll
0x00007ffc3b780000 - 0x00007ffc3b7a7000 	C:\Windows\SYSTEM32\WINMM.dll
0x00007ffc4c6f0000 - 0x00007ffc4c6f9000 	C:\Windows\SYSTEM32\WSOCK32.dll
0x00007ffc56d10000 - 0x00007ffc56d7b000 	C:\Windows\System32\WS2_32.dll
0x00007ffc53a90000 - 0x00007ffc53aa2000 	C:\Windows\SYSTEM32\kernel.appcore.dll
0x00007ffc4bfb0000 - 0x00007ffc4bfc1000 	C:\Program Files\Android\Android Studio\jre\bin\verify.dll
0x00007ffc537a0000 - 0x00007ffc53984000 	C:\Windows\SYSTEM32\DBGHELP.DLL
0x00007ffc4a970000 - 0x00007ffc4a99c000 	C:\Windows\SYSTEM32\dbgcore.DLL
0x00007ffc556f0000 - 0x00007ffc55772000 	C:\Windows\System32\bcryptPrimitives.dll
0x00007ffc46ed0000 - 0x00007ffc46ef9000 	C:\Program Files\Android\Android Studio\jre\bin\java.dll
0x00007ffc4c3c0000 - 0x00007ffc4c3cb000 	C:\Program Files\Android\Android Studio\jre\bin\jimage.dll
0x00007ffc44ca0000 - 0x00007ffc44cb8000 	C:\Program Files\Android\Android Studio\jre\bin\zip.dll
0x00007ffc565c0000 - 0x00007ffc56d04000 	C:\Windows\System32\SHELL32.dll
0x00007ffc53000000 - 0x00007ffc53794000 	C:\Windows\SYSTEM32\windows.storage.dll
0x00007ffc56020000 - 0x00007ffc56374000 	C:\Windows\System32\combase.dll
0x00007ffc54c50000 - 0x00007ffc54c7c000 	C:\Windows\SYSTEM32\Wldp.dll
0x00007ffc56450000 - 0x00007ffc564fd000 	C:\Windows\System32\SHCORE.dll
0x00007ffc55d70000 - 0x00007ffc55dc5000 	C:\Windows\System32\shlwapi.dll
0x00007ffc55190000 - 0x00007ffc551af000 	C:\Windows\SYSTEM32\profapi.dll
0x00007ffc44c80000 - 0x00007ffc44c9a000 	C:\Program Files\Android\Android Studio\jre\bin\net.dll
0x00007ffc48cf0000 - 0x00007ffc48dfa000 	C:\Windows\SYSTEM32\WINHTTP.dll
0x00007ffc549b0000 - 0x00007ffc54a1a000 	C:\Windows\system32\mswsock.dll
0x00007ffc44c60000 - 0x00007ffc44c74000 	C:\Program Files\Android\Android Studio\jre\bin\nio.dll
0x00007ffc31600000 - 0x00007ffc31627000 	C:\Users\User\.gradle\native\8bec1ad78214c89d9ad589b4d07fe93259594b29d510b10fafb7a158f7737e5d\windows-amd64\native-platform.dll
0x00007ffc22960000 - 0x00007ffc22a9d000 	C:\Users\User\.gradle\native\53dbd7edfb1c66fb8903c78663c9afc45aea4f116125fa6feffd364cf09443e8\windows-amd64\native-platform-file-events.dll
0x00007ffc459e0000 - 0x00007ffc459ea000 	C:\Program Files\Android\Android Studio\jre\bin\management.dll
0x00007ffc458e0000 - 0x00007ffc458ec000 	C:\Program Files\Android\Android Studio\jre\bin\management_ext.dll
0x00007ffc54bb0000 - 0x00007ffc54bc8000 	C:\Windows\SYSTEM32\CRYPTSP.dll
0x00007ffc542c0000 - 0x00007ffc542f4000 	C:\Windows\system32\rsaenh.dll
0x00007ffc55960000 - 0x00007ffc55987000 	C:\Windows\System32\bcrypt.dll
0x00007ffc55150000 - 0x00007ffc5517e000 	C:\Windows\SYSTEM32\USERENV.dll
0x00007ffc54ba0000 - 0x00007ffc54bac000 	C:\Windows\SYSTEM32\CRYPTBASE.dll
0x00007ffc54650000 - 0x00007ffc5468b000 	C:\Windows\SYSTEM32\IPHLPAPI.DLL
0x00007ffc55dd0000 - 0x00007ffc55dd8000 	C:\Windows\System32\NSI.dll
0x00007ffc4a5f0000 - 0x00007ffc4a607000 	C:\Windows\SYSTEM32\dhcpcsvc6.DLL
0x00007ffc49fc0000 - 0x00007ffc49fdd000 	C:\Windows\SYSTEM32\dhcpcsvc.DLL
0x00007ffc546a0000 - 0x00007ffc5476b000 	C:\Windows\SYSTEM32\DNSAPI.dll

dbghelp: loaded successfully - version: 4.0.5 - missing functions: none
symbol engine: initialized successfully - sym options: 0x614 - pdb path: .;C:\Program Files\Android\Android Studio\jre\bin;C:\Windows\SYSTEM32;C:\Windows\WinSxS\amd64_microsoft.windows.common-controls_6595b64144ccf1df_6.0.19041.1110_none_60b5254171f9507e;C:\Program Files\Android\Android Studio\jre\bin\server;C:\Users\User\.gradle\native\8bec1ad78214c89d9ad589b4d07fe93259594b29d510b10fafb7a158f7737e5d\windows-amd64;C:\Users\User\.gradle\native\53dbd7edfb1c66fb8903c78663c9afc45aea4f116125fa6feffd364cf09443e8\windows-amd64

VM Arguments:
jvm_args: --add-opens=java.base/java.util=ALL-UNNAMED --add-opens=java.base/java.lang=ALL-UNNAMED --add-opens=java.base/java.lang.invoke=ALL-UNNAMED --add-opens=java.base/java.util=ALL-UNNAMED --add-opens=java.prefs/java.util.prefs=ALL-UNNAMED --add-opens=java.prefs/java.util.prefs=ALL-UNNAMED --add-opens=java.base/java.nio.charset=ALL-UNNAMED --add-opens=java.base/java.net=ALL-UNNAMED --add-opens=java.base/java.util.concurrent.atomic=ALL-UNNAMED -Xmx2048m -Dfile.encoding=UTF-8 -Duser.country=BR -Duser.language=pt -Duser.variant 
java_command: org.gradle.launcher.daemon.bootstrap.GradleDaemon 7.0.2
java_class_path (initial): C:\Users\User\.gradle\wrapper\dists\gradle-7.0.2-bin\857tjihv64xamwrf0h14cai3r\gradle-7.0.2\lib\gradle-launcher-7.0.2.jar
Launcher Type: SUN_STANDARD

[Global flags]
     intx CICompilerCount                          = 3                                         {product} {ergonomic}
     uint ConcGCThreads                            = 1                                         {product} {ergonomic}
     uint G1ConcRefinementThreads                  = 4                                         {product} {ergonomic}
   size_t G1HeapRegionSize                         = 1048576                                   {product} {ergonomic}
    uintx GCDrainStackTargetSize                   = 64                                        {product} {ergonomic}
   size_t InitialHeapSize                          = 67108864                                  {product} {ergonomic}
   size_t MarkStackSize                            = 4194304                                   {product} {ergonomic}
   size_t MaxHeapSize                              = 2147483648                                {product} {command line}
   size_t MaxNewSize                               = 1287651328                                {product} {ergonomic}
   size_t MinHeapDeltaBytes                        = 1048576                                   {product} {ergonomic}
    uintx NonNMethodCodeHeapSize                   = 5830732                                {pd product} {ergonomic}
    uintx NonProfiledCodeHeapSize                  = 122913754                              {pd product} {ergonomic}
    uintx ProfiledCodeHeapSize                     = 122913754                              {pd product} {ergonomic}
    uintx ReservedCodeCacheSize                    = 251658240                              {pd product} {ergonomic}
     bool SegmentedCodeCache                       = true                                      {product} {ergonomic}
     bool UseCompressedClassPointers               = true                                 {lp64_product} {ergonomic}
     bool UseCompressedOops                        = true                                 {lp64_product} {ergonomic}
     bool UseG1GC                                  = true                                      {product} {ergonomic}
     bool UseLargePagesIndividualAllocation        = false                                  {pd product} {ergonomic}

Logging:
Log output configuration:
 #0: stdout all=warning uptime,level,tags
 #1: stderr all=off uptime,level,tags

Environment Variables:
PATH=C:\Program Files (x86)\Common Files\Oracle\Java\javapath;C:\Windows\system32;C:\Windows;C:\Windows\System32\Wbem;C:\Windows\System32\WindowsPowerShell\v1.0\;C:\Windows\System32\OpenSSH\;C:\Program Files\SafeNet\Authentication\SAC\x64;C:\Program Files\SafeNet\Authentication\SAC\x32;C:\Program Files\nodejs\;C:\Users\User\AppData\Local\Microsoft\WindowsApps;C:\Users\User\AppData\Roaming\npm;C:\Users\User\AppData\Local\Programs\Microsoft VS Code\bin
USERNAME=User
OS=Windows_NT
PROCESSOR_IDENTIFIER=Intel64 Family 6 Model 142 Stepping 10, GenuineIntel



---------------  S Y S T E M  ---------------

OS: Windows 10 , 64 bit Build 19041 (10.0.19041.1645)
OS uptime: 7 days 18:26 hours

CPU:total 4 (initial active 4) (2 cores per cpu, 2 threads per core) family 6 model 142 stepping 10 microcode 0xb4, cmov, cx8, fxsr, mmx, sse, sse2, sse3, ssse3, sse4.1, sse4.2, popcnt, avx, avx2, aes, clmul, erms, 3dnowpref, lzcnt, ht, tsc, tscinvbit, bmi1, bmi2, adx, fma

Memory: 4k page, system-wide physical 4007M (103M free)
TotalPageFile size 6904M (AvailPageFile size 46M)
current process WorkingSet (physical memory assigned to process): 396M, peak: 396M
current process commit charge ("private bytes"): 522M, peak: 700M

vm_info: OpenJDK 64-Bit Server VM (11.0.10+0-b96-7249189) for windows-amd64 JRE (11.0.10+0-b96-7249189), built on Mar 31 2021 21:44:00 by "builder" with MS VC++ 14.0 (VS2015)

END.
